Using pre-set license
Built from '2020.3/staging' branch; Version is '2020.3.21f1 (a38c86f6690f) revision 10718342'; Using compiler version '192528614'; Build Type 'Release'
OS: 'Windows 10 Pro; OS build 19041.1348; Version 2004; 64bit' Language: 'en' Physical Memory: 16075 MB
BatchMode: 1, IsHumanControllingUs: 0, StartBugReporterOnCrash: 0, Is64bit: 1, IsPro: 0

COMMAND LINE ARGUMENTS:
C:\Program Files\Unity\Hub\Editor\2020.3.21f1\Editor\Unity.exe
-adb2
-batchMode
-noUpm
-name
AssetImportWorker0
-projectPath
C:/Users/orodj/OneDrive/Desktop/WPI_B21/IMGD4900/SHAUUUUUUUUUN/New Unity Project
-logFile
Logs/AssetImportWorker0.log
-srvPort
61166
Successfully changed project path to: C:/Users/orodj/OneDrive/Desktop/WPI_B21/IMGD4900/SHAUUUUUUUUUN/New Unity Project
C:/Users/orodj/OneDrive/Desktop/WPI_B21/IMGD4900/SHAUUUUUUUUUN/New Unity Project
Using Asset Import Pipeline V2.
Refreshing native plugins compatible for Editor in 209.66 ms, found 3 plugins.
Preloading 0 native plugins for Editor in 0.00 ms.
Initialize engine version: 2020.3.21f1 (a38c86f6690f)
[Subsystems] Discovering subsystems at path C:/Program Files/Unity/Hub/Editor/2020.3.21f1/Editor/Data/Resources/UnitySubsystems
[Subsystems] Discovering subsystems at path C:/Users/orodj/OneDrive/Desktop/WPI_B21/IMGD4900/SHAUUUUUUUUUN/New Unity Project/Assets
GfxDevice: creating device client; threaded=0
Direct3D:
    Version:  Direct3D 11.0 [level 11.1]
    Renderer: NVIDIA GeForce MX450 (ID=0x1f9c)
    Vendor:   
    VRAM:     1928 MB
    Driver:   27.21.14.6259
Initialize mono
Mono path[0] = 'C:/Program Files/Unity/Hub/Editor/2020.3.21f1/Editor/Data/Managed'
Mono path[1] = 'C:/Program Files/Unity/Hub/Editor/2020.3.21f1/Editor/Data/MonoBleedingEdge/lib/mono/unityjit'
Mono config path = 'C:/Program Files/Unity/Hub/Editor/2020.3.21f1/Editor/Data/MonoBleedingEdge/etc'
Using monoOptions --debugger-agent=transport=dt_socket,embedding=1,server=y,suspend=n,address=127.0.0.1:56688
Begin MonoManager ReloadAssembly
Registering precompiled unity dll's ...
Register platform support module: C:/Program Files/Unity/Hub/Editor/2020.3.21f1/Editor/Data/PlaybackEngines/WindowsStandaloneSupport/UnityEditor.WindowsStandalone.Extensions.dll
Registered in 0.007671 seconds.
Native extension for WindowsStandalone target not found
Refreshing native plugins compatible for Editor in 187.70 ms, found 3 plugins.
Preloading 0 native plugins for Editor in 0.00 ms.
Mono: successfully reloaded assembly
- Completed reload, in  3.949 seconds
Domain Reload Profiling:
	ReloadAssembly (3950ms)
		BeginReloadAssembly (181ms)
			ExecutionOrderSort (0ms)
			DisableScriptedObjects (0ms)
			BackupInstance (0ms)
			ReleaseScriptingObjects (0ms)
			CreateAndSetChildDomain (1ms)
		EndReloadAssembly (1603ms)
			LoadAssemblies (181ms)
			RebuildTransferFunctionScriptingTraits (0ms)
			SetupTypeCache (558ms)
			ReleaseScriptCaches (0ms)
			RebuildScriptCaches (97ms)
			SetupLoadedEditorAssemblies (581ms)
				LogAssemblyErrors (0ms)
				InitializePlatformSupportModulesInManaged (13ms)
				SetLoadedEditorAssemblies (0ms)
				RefreshPlugins (188ms)
				BeforeProcessingInitializeOnLoad (33ms)
				ProcessInitializeOnLoadAttributes (251ms)
				ProcessInitializeOnLoadMethodAttributes (96ms)
				AfterProcessingInitializeOnLoad (0ms)
				EditorAssembliesLoaded (1ms)
			ExecutionOrderSort2 (0ms)
			AwakeInstancesAfterBackupRestoration (0ms)
Platform modules already initialized, skipping
Registering precompiled user dll's ...
Registered in 0.021801 seconds.
Begin MonoManager ReloadAssembly
Native extension for WindowsStandalone target not found
Refreshing native plugins compatible for Editor in 194.26 ms, found 3 plugins.
Preloading 0 native plugins for Editor in 0.00 ms.
Mono: successfully reloaded assembly
- Completed reload, in  4.207 seconds
Domain Reload Profiling:
	ReloadAssembly (4210ms)
		BeginReloadAssembly (547ms)
			ExecutionOrderSort (0ms)
			DisableScriptedObjects (23ms)
			BackupInstance (0ms)
			ReleaseScriptingObjects (0ms)
			CreateAndSetChildDomain (57ms)
		EndReloadAssembly (3412ms)
			LoadAssemblies (345ms)
			RebuildTransferFunctionScriptingTraits (0ms)
			SetupTypeCache (1144ms)
			ReleaseScriptCaches (1ms)
			RebuildScriptCaches (196ms)
			SetupLoadedEditorAssemblies (1271ms)
				LogAssemblyErrors (0ms)
				InitializePlatformSupportModulesInManaged (17ms)
				SetLoadedEditorAssemblies (1ms)
				RefreshPlugins (195ms)
				BeforeProcessingInitializeOnLoad (293ms)
				ProcessInitializeOnLoadAttributes (691ms)
				ProcessInitializeOnLoadMethodAttributes (51ms)
				AfterProcessingInitializeOnLoad (23ms)
				EditorAssembliesLoaded (0ms)
			ExecutionOrderSort2 (0ms)
			AwakeInstancesAfterBackupRestoration (22ms)
Platform modules already initialized, skipping
========================================================================
Worker process is ready to serve import requests
Launched and connected shader compiler UnityShaderCompiler.exe after 0.16 seconds
Refreshing native plugins compatible for Editor in 0.54 ms, found 3 plugins.
Preloading 0 native plugins for Editor in 0.00 ms.
Unloading 2387 Unused Serialized files (Serialized files now loaded: 0)
System memory in use before: 103.9 MB.
System memory in use after: 104.1 MB.

Unloading 28 unused Assets to reduce memory usage. Loaded Objects now: 2821.
Total: 4.896500 ms (FindLiveObjects: 0.350400 ms CreateObjectMapping: 0.182600 ms MarkObjects: 4.259500 ms  DeleteObjects: 0.102500 ms)

AssetImportParameters requested are different than current active one (requested -> active):
  custom:framework-win-MediaFoundation: 216162199b28c13a410421893ffa2e32 -> 
  custom:video-decoder-ogg-theora: a1e56fd34408186e4bbccfd4996cb3dc -> 
  custom:container-muxer-webm: aa71ff27fc2769a1b78a27578f13a17b -> 
  custom:container-demuxer-webm: 4f35f7cbe854078d1ac9338744f61a02 -> 
  custom:container-demuxer-ogg: 62fdf1f143b41e24485cea50d1cbac27 -> 
  custom:video-encoder-webm-vp8: eb34c28f22e8b96e1ab97ce403110664 -> 
  custom:video-decoder-webm-vp8: 9c59270c3fd7afecdb556c50c9e8de78 -> 
  custom:audio-decoder-ogg-vorbis: bf7c407c2cedff20999df2af8eb42d56 -> 
  custom:audio-encoder-webm-vorbis: bf7c407c2cedff20999df2af8eb42d56 -> 
========================================================================
Received Import Request.
  path: Assets/SuperTiled2Unity/Import(GE)/Final_Assets_1.tsx
  artifactKey: Guid(301310f827061b44093b1a00846d9ffe) Importer(815301076,1909f56bfc062723c751e8b465ee728b)
Start importing Assets/SuperTiled2Unity/Import(GE)/Final_Assets_1.tsx using Guid(301310f827061b44093b1a00846d9ffe) Importer(815301076,1909f56bfc062723c751e8b465ee728b)  -> (artifact id: 'a4d8e0eac8acf5d0ea9fc7805b2d4db8') in 0.300553 seconds 
  Import took 0.314184 seconds .

========================================================================
Received Import Request.
  Time since last request: 0.000268 seconds.
  path: Assets/SuperTiled2Unity/Import(GE)/2nd_Level.tmx
  artifactKey: Guid(53833534ee5572947b91823d6c45814f) Importer(815301076,1909f56bfc062723c751e8b465ee728b)
Start importing Assets/SuperTiled2Unity/Import(GE)/2nd_Level.tmx using Guid(53833534ee5572947b91823d6c45814f) Importer(815301076,1909f56bfc062723c751e8b465ee728b)  -> (artifact id: 'a2410b863f0fac8a0b49a95f0b0c5c3c') in 0.776322 seconds 
  Import took 0.807724 seconds .

========================================================================
Received Import Request.
  Time since last request: 0.000456 seconds.
  path: Assets/SuperTiled2Unity/Import(GE)/1st_Level.tmx
  artifactKey: Guid(2bdd6164055fdf44e8c13a3158caee52) Importer(815301076,1909f56bfc062723c751e8b465ee728b)
Start importing Assets/SuperTiled2Unity/Import(GE)/1st_Level.tmx using Guid(2bdd6164055fdf44e8c13a3158caee52) Importer(815301076,1909f56bfc062723c751e8b465ee728b)  -> (artifact id: '8aa49a9bcfc77e2870ccdb1749c4d1be') in 0.280871 seconds 
  Import took 0.307387 seconds .

========================================================================
Received Import Request.
  Time since last request: 0.000431 seconds.
  path: Assets/SuperTiled2Unity/Import(GE)/3rd_Level.tmx
  artifactKey: Guid(b00799647ea61724487818cdfc4ea256) Importer(815301076,1909f56bfc062723c751e8b465ee728b)
Start importing Assets/SuperTiled2Unity/Import(GE)/3rd_Level.tmx using Guid(b00799647ea61724487818cdfc4ea256) Importer(815301076,1909f56bfc062723c751e8b465ee728b)  -> (artifact id: 'c653a73604469bd64c373df378059412') in 0.413163 seconds 
  Import took 0.443526 seconds .

========================================================================
Received Import Request.
  Time since last request: 0.000403 seconds.
  path: Assets/SuperTiled2Unity/Import(GE)/Final_World_Assets_1.png
  artifactKey: Guid(79ca9ac4aa1e1be4d89a37757f2d5bca) Importer(815301076,1909f56bfc062723c751e8b465ee728b)
Start importing Assets/SuperTiled2Unity/Import(GE)/Final_World_Assets_1.png using Guid(79ca9ac4aa1e1be4d89a37757f2d5bca) Importer(815301076,1909f56bfc062723c751e8b465ee728b)  -> (artifact id: 'df1ab5874b12c88b78e4e4f005f21724') in 0.161577 seconds 
  Import took 0.172935 seconds .

========================================================================
Received Import Request.
  Time since last request: 0.000438 seconds.
  path: Assets/SuperTiled2Unity/Import(GE)/Ending.tmx
  artifactKey: Guid(333bd7f66a1354445941c7fc70104949) Importer(815301076,1909f56bfc062723c751e8b465ee728b)
Start importing Assets/SuperTiled2Unity/Import(GE)/Ending.tmx using Guid(333bd7f66a1354445941c7fc70104949) Importer(815301076,1909f56bfc062723c751e8b465ee728b)  -> (artifact id: '375080d7f738d08fa9aea784dff4a97e') in 0.153601 seconds 
  Import took 0.174345 seconds .

========================================================================
Received Prepare
Registering precompiled user dll's ...
Registered in 0.018837 seconds.
Begin MonoManager ReloadAssembly
Native extension for WindowsStandalone target not found
Refreshing native plugins compatible for Editor in 0.84 ms, found 3 plugins.
Preloading 0 native plugins for Editor in 0.00 ms.
Mono: successfully reloaded assembly
- Completed reload, in  2.344 seconds
Domain Reload Profiling:
	ReloadAssembly (2345ms)
		BeginReloadAssembly (305ms)
			ExecutionOrderSort (0ms)
			DisableScriptedObjects (18ms)
			BackupInstance (0ms)
			ReleaseScriptingObjects (0ms)
			CreateAndSetChildDomain (105ms)
		EndReloadAssembly (1882ms)
			LoadAssemblies (223ms)
			RebuildTransferFunctionScriptingTraits (0ms)
			SetupTypeCache (696ms)
			ReleaseScriptCaches (2ms)
			RebuildScriptCaches (107ms)
			SetupLoadedEditorAssemblies (652ms)
				LogAssemblyErrors (0ms)
				InitializePlatformSupportModulesInManaged (10ms)
				SetLoadedEditorAssemblies (1ms)
				RefreshPlugins (1ms)
				BeforeProcessingInitializeOnLoad (139ms)
				ProcessInitializeOnLoadAttributes (455ms)
				ProcessInitializeOnLoadMethodAttributes (29ms)
				AfterProcessingInitializeOnLoad (16ms)
				EditorAssembliesLoaded (0ms)
			ExecutionOrderSort2 (0ms)
			AwakeInstancesAfterBackupRestoration (22ms)
Platform modules already initialized, skipping
Refreshing native plugins compatible for Editor in 1.13 ms, found 3 plugins.
Preloading 0 native plugins for Editor in 0.00 ms.
Unloading 2363 Unused Serialized files (Serialized files now loaded: 0)
System memory in use before: 105.1 MB.
System memory in use after: 105.3 MB.

Unloading 17 unused Assets to reduce memory usage. Loaded Objects now: 2833.
Total: 6.220700 ms (FindLiveObjects: 0.379400 ms CreateObjectMapping: 0.150700 ms MarkObjects: 5.662800 ms  DeleteObjects: 0.025500 ms)

AssetImportParameters requested are different than current active one (requested -> active):
  custom:framework-win-MediaFoundation: 216162199b28c13a410421893ffa2e32 -> 
  custom:video-decoder-ogg-theora: a1e56fd34408186e4bbccfd4996cb3dc -> 
  custom:container-muxer-webm: aa71ff27fc2769a1b78a27578f13a17b -> 
  custom:container-demuxer-webm: 4f35f7cbe854078d1ac9338744f61a02 -> 
  custom:container-demuxer-ogg: 62fdf1f143b41e24485cea50d1cbac27 -> 
  custom:video-encoder-webm-vp8: eb34c28f22e8b96e1ab97ce403110664 -> 
  custom:video-decoder-webm-vp8: 9c59270c3fd7afecdb556c50c9e8de78 -> 
  custom:audio-decoder-ogg-vorbis: bf7c407c2cedff20999df2af8eb42d56 -> 
  custom:audio-encoder-webm-vorbis: bf7c407c2cedff20999df2af8eb42d56 -> 
========================================================================
Received Prepare
Registering precompiled user dll's ...
Registered in 0.018920 seconds.
Begin MonoManager ReloadAssembly
Native extension for WindowsStandalone target not found
Refreshing native plugins compatible for Editor in 1.50 ms, found 3 plugins.
Preloading 0 native plugins for Editor in 0.00 ms.
Mono: successfully reloaded assembly
- Completed reload, in  3.977 seconds
Domain Reload Profiling:
	ReloadAssembly (3978ms)
		BeginReloadAssembly (379ms)
			ExecutionOrderSort (0ms)
			DisableScriptedObjects (19ms)
			BackupInstance (0ms)
			ReleaseScriptingObjects (0ms)
			CreateAndSetChildDomain (122ms)
		EndReloadAssembly (3326ms)
			LoadAssemblies (361ms)
			RebuildTransferFunctionScriptingTraits (0ms)
			SetupTypeCache (1229ms)
			ReleaseScriptCaches (4ms)
			RebuildScriptCaches (163ms)
			SetupLoadedEditorAssemblies (1150ms)
				LogAssemblyErrors (0ms)
				InitializePlatformSupportModulesInManaged (20ms)
				SetLoadedEditorAssemblies (2ms)
				RefreshPlugins (2ms)
				BeforeProcessingInitializeOnLoad (247ms)
				ProcessInitializeOnLoadAttributes (799ms)
				ProcessInitializeOnLoadMethodAttributes (47ms)
				AfterProcessingInitializeOnLoad (31ms)
				EditorAssembliesLoaded (1ms)
			ExecutionOrderSort2 (0ms)
			AwakeInstancesAfterBackupRestoration (34ms)
Platform modules already initialized, skipping
Refreshing native plugins compatible for Editor in 1.26 ms, found 3 plugins.
Preloading 0 native plugins for Editor in 0.00 ms.
Unloading 2363 Unused Serialized files (Serialized files now loaded: 0)
System memory in use before: 105.1 MB.
System memory in use after: 105.3 MB.

Unloading 17 unused Assets to reduce memory usage. Loaded Objects now: 2835.
Total: 9.677700 ms (FindLiveObjects: 0.596600 ms CreateObjectMapping: 0.245200 ms MarkObjects: 8.769000 ms  DeleteObjects: 0.063200 ms)

AssetImportParameters requested are different than current active one (requested -> active):
  custom:framework-win-MediaFoundation: 216162199b28c13a410421893ffa2e32 -> 
  custom:video-decoder-ogg-theora: a1e56fd34408186e4bbccfd4996cb3dc -> 
  custom:container-muxer-webm: aa71ff27fc2769a1b78a27578f13a17b -> 
  custom:container-demuxer-webm: 4f35f7cbe854078d1ac9338744f61a02 -> 
  custom:container-demuxer-ogg: 62fdf1f143b41e24485cea50d1cbac27 -> 
  custom:video-encoder-webm-vp8: eb34c28f22e8b96e1ab97ce403110664 -> 
  custom:video-decoder-webm-vp8: 9c59270c3fd7afecdb556c50c9e8de78 -> 
  custom:audio-decoder-ogg-vorbis: bf7c407c2cedff20999df2af8eb42d56 -> 
  custom:audio-encoder-webm-vorbis: bf7c407c2cedff20999df2af8eb42d56 -> 
AssetImportWorkerClient::OnTransportError - code=2 error=End of file
